{"action": "tweet", "id": 9065114697802332138, "message": "woop #legislation", "timestamp": 1487148922452, "user": "sarahjeong"}
{"action": "retweet", "target_id": 9065114697802332138, "timestamp": 1487148923276, "user": "noob_saibot"}
{"action": "retweet", "target_id": 9065114697802332138, "timestamp": 1487148923941, "user": "_ko1"}
{"action": "tweet", "id": 15663433553009096534, "message": "woop #vim", "timestamp": 1487149100011, "user": "r00k"}
{"action": "retweet", "target_id": 15663433553009096534, "timestamp": 1487149100887, "user": "noob_saibot"}
{"action": "follow", "target": "r00k", "timestamp": 1487149103064, "user": "neovim"}
{"action": "follow", "target": "r00k", "timestamp": 1487149103757, "user": "pkoch"}
{"action": "follow", "target": "r00k", "timestamp": 1487149103792, "user": "garybernhardt"}
{"action": "follow", "target": "r00k", "timestamp": 1487149103858, "user": "eevee"}
{"action": "tweet", "id": 13484375479672245736, "message": "woop #ruby", "timestamp": 1487149379764, "user": "_ko1"}
{"action": "follow", "target": "_ko1", "timestamp": 1487149383527, "user": "hugopeixoto"}
{"action": "follow", "target": "_ko1", "timestamp": 1487149383557, "user": "garybernhardt"}
{"action": "tweet", "id": 166604972739842360, "message": "woop #hardware", "timestamp": 1487149430558, "user": "SwiftOnSecurity"}
{"action": "retweet", "target_id": 166604972739842360, "timestamp": 1487149430993, "user": "spambot"}
{"action": "follow", "target": "SwiftOnSecurity", "timestamp": 1487149434023, "user": "FioraAeterna"}
{"action": "follow", "target": "SwiftOnSecurity", "timestamp": 1487149434281, "user": "0xabadidea"}
{"action": "tweet", "id": 1469350446925600167, "message": "woop #ruby", "timestamp": 1487149518611, "user": "garybernhardt"}
{"action": "retweet", "target_id": 1469350446925600167, "timestamp": 1487149520020, "user": "_ko1"}
{"action": "follow", "target": "garybernhardt", "timestamp": 1487149522548, "user": "r00k"}
{"action": "follow", "target": "garybernhardt", "timestamp": 1487149522583, "user": "Una"}
